2025-05-26 14:59:12 [ERROR]: Uncaught Exception: Router.use() requires a middleware function but got a Object
2025-05-26 14:59:12 [ERROR]: TypeError: Router.use() requires a middleware function but got a Object
    at Function.use (C:\oasis-backend\node_modules\express\lib\router\index.js:469:13)
    at Function.<anonymous> (C:\oasis-backend\node_modules\express\lib\application.js:227:21)
    at Array.forEach (<anonymous>)
    at Function.use (C:\oasis-backend\node_modules\express\lib\application.js:224:7)
    at Object.<anonymous> (C:\oasis-backend\app.js:31:5)
    at Module._compile (node:internal/modules/cjs/loader:1358:14)
    at Module._extensions..js (node:internal/modules/cjs/loader:1416:10)
    at Module.load (node:internal/modules/cjs/loader:1208:32)
    at Module._load (node:internal/modules/cjs/loader:1024:12)
    at Function.executeUserEntryPoint [as runMain] (node:internal/modules/run_main:174:12)
2025-05-26 14:59:43 [ERROR]: Uncaught Exception: Router.use() requires a middleware function but got a Object
2025-05-26 14:59:43 [ERROR]: TypeError: Router.use() requires a middleware function but got a Object
    at Function.use (C:\oasis-backend\node_modules\express\lib\router\index.js:469:13)
    at Function.<anonymous> (C:\oasis-backend\node_modules\express\lib\application.js:227:21)
    at Array.forEach (<anonymous>)
    at Function.use (C:\oasis-backend\node_modules\express\lib\application.js:224:7)
    at Object.<anonymous> (C:\oasis-backend\app.js:31:5)
    at Module._compile (node:internal/modules/cjs/loader:1358:14)
    at Module._extensions..js (node:internal/modules/cjs/loader:1416:10)
    at Module.load (node:internal/modules/cjs/loader:1208:32)
    at Module._load (node:internal/modules/cjs/loader:1024:12)
    at Function.executeUserEntryPoint [as runMain] (node:internal/modules/run_main:174:12)
2025-05-26 15:03:54 [ERROR]: Uncaught Exception: Router.use() requires a middleware function but got a Object
2025-05-26 15:03:54 [ERROR]: TypeError: Router.use() requires a middleware function but got a Object
    at Function.use (C:\oasis-backend\node_modules\express\lib\router\index.js:469:13)
    at Function.<anonymous> (C:\oasis-backend\node_modules\express\lib\application.js:227:21)
    at Array.forEach (<anonymous>)
    at Function.use (C:\oasis-backend\node_modules\express\lib\application.js:224:7)
    at Object.<anonymous> (C:\oasis-backend\app.js:31:5)
    at Module._compile (node:internal/modules/cjs/loader:1358:14)
    at Module._extensions..js (node:internal/modules/cjs/loader:1416:10)
    at Module.load (node:internal/modules/cjs/loader:1208:32)
    at Module._load (node:internal/modules/cjs/loader:1024:12)
    at Function.executeUserEntryPoint [as runMain] (node:internal/modules/run_main:174:12)
2025-05-26 15:04:09 [ERROR]: Uncaught Exception: Router.use() requires a middleware function but got a Object
2025-05-26 15:04:09 [ERROR]: TypeError: Router.use() requires a middleware function but got a Object
    at Function.use (C:\oasis-backend\node_modules\express\lib\router\index.js:469:13)
    at Function.<anonymous> (C:\oasis-backend\node_modules\express\lib\application.js:227:21)
    at Array.forEach (<anonymous>)
    at Function.use (C:\oasis-backend\node_modules\express\lib\application.js:224:7)
    at Object.<anonymous> (C:\oasis-backend\app.js:31:5)
    at Module._compile (node:internal/modules/cjs/loader:1358:14)
    at Module._extensions..js (node:internal/modules/cjs/loader:1416:10)
    at Module.load (node:internal/modules/cjs/loader:1208:32)
    at Module._load (node:internal/modules/cjs/loader:1024:12)
    at Function.executeUserEntryPoint [as runMain] (node:internal/modules/run_main:174:12)
2025-05-26 15:05:43 [ERROR]: Uncaught Exception: Router.use() requires a middleware function but got a Object
2025-05-26 15:05:43 [ERROR]: TypeError: Router.use() requires a middleware function but got a Object
    at Function.use (C:\oasis-backend\node_modules\express\lib\router\index.js:469:13)
    at Function.<anonymous> (C:\oasis-backend\node_modules\express\lib\application.js:227:21)
    at Array.forEach (<anonymous>)
    at Function.use (C:\oasis-backend\node_modules\express\lib\application.js:224:7)
    at Object.<anonymous> (C:\oasis-backend\app.js:31:5)
    at Module._compile (node:internal/modules/cjs/loader:1358:14)
    at Module._extensions..js (node:internal/modules/cjs/loader:1416:10)
    at Module.load (node:internal/modules/cjs/loader:1208:32)
    at Module._load (node:internal/modules/cjs/loader:1024:12)
    at Function.executeUserEntryPoint [as runMain] (node:internal/modules/run_main:174:12)
2025-05-26 15:05:46 [ERROR]: Uncaught Exception: Router.use() requires a middleware function but got a Object
2025-05-26 15:05:46 [ERROR]: TypeError: Router.use() requires a middleware function but got a Object
    at Function.use (C:\oasis-backend\node_modules\express\lib\router\index.js:469:13)
    at Function.<anonymous> (C:\oasis-backend\node_modules\express\lib\application.js:227:21)
    at Array.forEach (<anonymous>)
    at Function.use (C:\oasis-backend\node_modules\express\lib\application.js:224:7)
    at Object.<anonymous> (C:\oasis-backend\app.js:31:5)
    at Module._compile (node:internal/modules/cjs/loader:1358:14)
    at Module._extensions..js (node:internal/modules/cjs/loader:1416:10)
    at Module.load (node:internal/modules/cjs/loader:1208:32)
    at Module._load (node:internal/modules/cjs/loader:1024:12)
    at Function.executeUserEntryPoint [as runMain] (node:internal/modules/run_main:174:12)
2025-05-26 15:05:58 [ERROR]: Uncaught Exception: Router.use() requires a middleware function but got a Object
2025-05-26 15:05:58 [ERROR]: TypeError: Router.use() requires a middleware function but got a Object
    at Function.use (C:\oasis-backend\node_modules\express\lib\router\index.js:469:13)
    at Function.<anonymous> (C:\oasis-backend\node_modules\express\lib\application.js:227:21)
    at Array.forEach (<anonymous>)
    at Function.use (C:\oasis-backend\node_modules\express\lib\application.js:224:7)
    at Object.<anonymous> (C:\oasis-backend\app.js:31:5)
    at Module._compile (node:internal/modules/cjs/loader:1358:14)
    at Module._extensions..js (node:internal/modules/cjs/loader:1416:10)
    at Module.load (node:internal/modules/cjs/loader:1208:32)
    at Module._load (node:internal/modules/cjs/loader:1024:12)
    at Function.executeUserEntryPoint [as runMain] (node:internal/modules/run_main:174:12)
2025-05-26 15:07:34 [ERROR]: Uncaught Exception: Router.use() requires a middleware function but got a Object
2025-05-26 15:07:34 [ERROR]: TypeError: Router.use() requires a middleware function but got a Object
    at Function.use (C:\oasis-backend\node_modules\express\lib\router\index.js:469:13)
    at Function.<anonymous> (C:\oasis-backend\node_modules\express\lib\application.js:227:21)
    at Array.forEach (<anonymous>)
    at Function.use (C:\oasis-backend\node_modules\express\lib\application.js:224:7)
    at Object.<anonymous> (C:\oasis-backend\app.js:31:5)
    at Module._compile (node:internal/modules/cjs/loader:1358:14)
    at Module._extensions..js (node:internal/modules/cjs/loader:1416:10)
    at Module.load (node:internal/modules/cjs/loader:1208:32)
    at Module._load (node:internal/modules/cjs/loader:1024:12)
    at Function.executeUserEntryPoint [as runMain] (node:internal/modules/run_main:174:12)
2025-05-26 15:08:42 [ERROR]: Uncaught Exception: Router.use() requires a middleware function but got a Object
2025-05-26 15:08:42 [ERROR]: TypeError: Router.use() requires a middleware function but got a Object
    at Function.use (C:\oasis-backend\node_modules\express\lib\router\index.js:469:13)
    at Function.<anonymous> (C:\oasis-backend\node_modules\express\lib\application.js:227:21)
    at Array.forEach (<anonymous>)
    at Function.use (C:\oasis-backend\node_modules\express\lib\application.js:224:7)
    at Object.<anonymous> (C:\oasis-backend\app.js:31:5)
    at Module._compile (node:internal/modules/cjs/loader:1358:14)
    at Module._extensions..js (node:internal/modules/cjs/loader:1416:10)
    at Module.load (node:internal/modules/cjs/loader:1208:32)
    at Module._load (node:internal/modules/cjs/loader:1024:12)
    at Function.executeUserEntryPoint [as runMain] (node:internal/modules/run_main:174:12)
2025-05-26 15:09:07 [ERROR]: Uncaught Exception: Router.use() requires a middleware function but got a Object
2025-05-26 15:09:07 [ERROR]: TypeError: Router.use() requires a middleware function but got a Object
    at Function.use (C:\oasis-backend\node_modules\express\lib\router\index.js:469:13)
    at Function.<anonymous> (C:\oasis-backend\node_modules\express\lib\application.js:227:21)
    at Array.forEach (<anonymous>)
    at Function.use (C:\oasis-backend\node_modules\express\lib\application.js:224:7)
    at Object.<anonymous> (C:\oasis-backend\app.js:31:5)
    at Module._compile (node:internal/modules/cjs/loader:1358:14)
    at Module._extensions..js (node:internal/modules/cjs/loader:1416:10)
    at Module.load (node:internal/modules/cjs/loader:1208:32)
    at Module._load (node:internal/modules/cjs/loader:1024:12)
    at Function.executeUserEntryPoint [as runMain] (node:internal/modules/run_main:174:12)
2025-05-26 15:09:20 [ERROR]: Uncaught Exception: Router.use() requires a middleware function but got a Object
2025-05-26 15:09:20 [ERROR]: TypeError: Router.use() requires a middleware function but got a Object
    at Function.use (C:\oasis-backend\node_modules\express\lib\router\index.js:469:13)
    at Function.<anonymous> (C:\oasis-backend\node_modules\express\lib\application.js:227:21)
    at Array.forEach (<anonymous>)
    at Function.use (C:\oasis-backend\node_modules\express\lib\application.js:224:7)
    at Object.<anonymous> (C:\oasis-backend\app.js:31:5)
    at Module._compile (node:internal/modules/cjs/loader:1358:14)
    at Module._extensions..js (node:internal/modules/cjs/loader:1416:10)
    at Module.load (node:internal/modules/cjs/loader:1208:32)
    at Module._load (node:internal/modules/cjs/loader:1024:12)
    at Function.executeUserEntryPoint [as runMain] (node:internal/modules/run_main:174:12)
2025-05-26 15:10:00 [ERROR]: Uncaught Exception: Router.use() requires a middleware function but got a Object
2025-05-26 15:10:00 [ERROR]: TypeError: Router.use() requires a middleware function but got a Object
    at Function.use (C:\oasis-backend\node_modules\express\lib\router\index.js:469:13)
    at Function.<anonymous> (C:\oasis-backend\node_modules\express\lib\application.js:227:21)
    at Array.forEach (<anonymous>)
    at Function.use (C:\oasis-backend\node_modules\express\lib\application.js:224:7)
    at Object.<anonymous> (C:\oasis-backend\app.js:31:5)
    at Module._compile (node:internal/modules/cjs/loader:1358:14)
    at Module._extensions..js (node:internal/modules/cjs/loader:1416:10)
    at Module.load (node:internal/modules/cjs/loader:1208:32)
    at Module._load (node:internal/modules/cjs/loader:1024:12)
    at Function.executeUserEntryPoint [as runMain] (node:internal/modules/run_main:174:12)
2025-05-26 15:10:24 [ERROR]: Uncaught Exception: Router.use() requires a middleware function but got a Object
2025-05-26 15:10:24 [ERROR]: TypeError: Router.use() requires a middleware function but got a Object
    at Function.use (C:\oasis-backend\node_modules\express\lib\router\index.js:469:13)
    at Function.<anonymous> (C:\oasis-backend\node_modules\express\lib\application.js:227:21)
    at Array.forEach (<anonymous>)
    at Function.use (C:\oasis-backend\node_modules\express\lib\application.js:224:7)
    at Object.<anonymous> (C:\oasis-backend\app.js:31:5)
    at Module._compile (node:internal/modules/cjs/loader:1358:14)
    at Module._extensions..js (node:internal/modules/cjs/loader:1416:10)
    at Module.load (node:internal/modules/cjs/loader:1208:32)
    at Module._load (node:internal/modules/cjs/loader:1024:12)
    at Function.executeUserEntryPoint [as runMain] (node:internal/modules/run_main:174:12)
2025-05-26 15:11:27 [ERROR]: Uncaught Exception: Router.use() requires a middleware function but got a Object
2025-05-26 15:11:27 [ERROR]: TypeError: Router.use() requires a middleware function but got a Object
    at Function.use (C:\oasis-backend\node_modules\express\lib\router\index.js:469:13)
    at Function.<anonymous> (C:\oasis-backend\node_modules\express\lib\application.js:227:21)
    at Array.forEach (<anonymous>)
    at Function.use (C:\oasis-backend\node_modules\express\lib\application.js:224:7)
    at Object.<anonymous> (C:\oasis-backend\app.js:31:5)
    at Module._compile (node:internal/modules/cjs/loader:1358:14)
    at Module._extensions..js (node:internal/modules/cjs/loader:1416:10)
    at Module.load (node:internal/modules/cjs/loader:1208:32)
    at Module._load (node:internal/modules/cjs/loader:1024:12)
    at Function.executeUserEntryPoint [as runMain] (node:internal/modules/run_main:174:12)
2025-05-26 15:11:49 [ERROR]: Uncaught Exception: Router.use() requires a middleware function but got a Object
2025-05-26 15:11:49 [ERROR]: TypeError: Router.use() requires a middleware function but got a Object
    at Function.use (C:\oasis-backend\node_modules\express\lib\router\index.js:469:13)
    at Function.<anonymous> (C:\oasis-backend\node_modules\express\lib\application.js:227:21)
    at Array.forEach (<anonymous>)
    at Function.use (C:\oasis-backend\node_modules\express\lib\application.js:224:7)
    at Object.<anonymous> (C:\oasis-backend\app.js:31:5)
    at Module._compile (node:internal/modules/cjs/loader:1358:14)
    at Module._extensions..js (node:internal/modules/cjs/loader:1416:10)
    at Module.load (node:internal/modules/cjs/loader:1208:32)
    at Module._load (node:internal/modules/cjs/loader:1024:12)
    at Function.executeUserEntryPoint [as runMain] (node:internal/modules/run_main:174:12)
2025-05-26 15:12:15 [ERROR]: Uncaught Exception: Router.use() requires a middleware function but got a Object
2025-05-26 15:12:15 [ERROR]: TypeError: Router.use() requires a middleware function but got a Object
    at Function.use (C:\oasis-backend\node_modules\express\lib\router\index.js:469:13)
    at Function.<anonymous> (C:\oasis-backend\node_modules\express\lib\application.js:227:21)
    at Array.forEach (<anonymous>)
    at Function.use (C:\oasis-backend\node_modules\express\lib\application.js:224:7)
    at Object.<anonymous> (C:\oasis-backend\app.js:31:5)
    at Module._compile (node:internal/modules/cjs/loader:1358:14)
    at Module._extensions..js (node:internal/modules/cjs/loader:1416:10)
    at Module.load (node:internal/modules/cjs/loader:1208:32)
    at Module._load (node:internal/modules/cjs/loader:1024:12)
    at Function.executeUserEntryPoint [as runMain] (node:internal/modules/run_main:174:12)
2025-05-26 15:12:18 [ERROR]: Uncaught Exception: Router.use() requires a middleware function but got a Object
2025-05-26 15:12:18 [ERROR]: TypeError: Router.use() requires a middleware function but got a Object
    at Function.use (C:\oasis-backend\node_modules\express\lib\router\index.js:469:13)
    at Function.<anonymous> (C:\oasis-backend\node_modules\express\lib\application.js:227:21)
    at Array.forEach (<anonymous>)
    at Function.use (C:\oasis-backend\node_modules\express\lib\application.js:224:7)
    at Object.<anonymous> (C:\oasis-backend\app.js:31:5)
    at Module._compile (node:internal/modules/cjs/loader:1358:14)
    at Module._extensions..js (node:internal/modules/cjs/loader:1416:10)
    at Module.load (node:internal/modules/cjs/loader:1208:32)
    at Module._load (node:internal/modules/cjs/loader:1024:12)
    at Function.executeUserEntryPoint [as runMain] (node:internal/modules/run_main:174:12)
2025-05-26 15:25:52 [ERROR]: Uncaught Exception: Router.use() requires a middleware function but got a Object
2025-05-26 15:25:52 [ERROR]: TypeError: Router.use() requires a middleware function but got a Object
    at Function.use (C:\oasis-backend\node_modules\express\lib\router\index.js:469:13)
    at Function.<anonymous> (C:\oasis-backend\node_modules\express\lib\application.js:227:21)
    at Array.forEach (<anonymous>)
    at Function.use (C:\oasis-backend\node_modules\express\lib\application.js:224:7)
    at Object.<anonymous> (C:\oasis-backend\app.js:31:5)
    at Module._compile (node:internal/modules/cjs/loader:1358:14)
    at Module._extensions..js (node:internal/modules/cjs/loader:1416:10)
    at Module.load (node:internal/modules/cjs/loader:1208:32)
    at Module._load (node:internal/modules/cjs/loader:1024:12)
    at Function.executeUserEntryPoint [as runMain] (node:internal/modules/run_main:174:12)
2025-05-26 15:25:56 [ERROR]: Uncaught Exception: Router.use() requires a middleware function but got a Object
2025-05-26 15:25:56 [ERROR]: TypeError: Router.use() requires a middleware function but got a Object
    at Function.use (C:\oasis-backend\node_modules\express\lib\router\index.js:469:13)
    at Function.<anonymous> (C:\oasis-backend\node_modules\express\lib\application.js:227:21)
    at Array.forEach (<anonymous>)
    at Function.use (C:\oasis-backend\node_modules\express\lib\application.js:224:7)
    at Object.<anonymous> (C:\oasis-backend\app.js:31:5)
    at Module._compile (node:internal/modules/cjs/loader:1358:14)
    at Module._extensions..js (node:internal/modules/cjs/loader:1416:10)
    at Module.load (node:internal/modules/cjs/loader:1208:32)
    at Module._load (node:internal/modules/cjs/loader:1024:12)
    at Function.executeUserEntryPoint [as runMain] (node:internal/modules/run_main:174:12)
2025-05-26 15:26:07 [ERROR]: Uncaught Exception: Router.use() requires a middleware function but got a Object
2025-05-26 15:26:07 [ERROR]: TypeError: Router.use() requires a middleware function but got a Object
    at Function.use (C:\oasis-backend\node_modules\express\lib\router\index.js:469:13)
    at Function.<anonymous> (C:\oasis-backend\node_modules\express\lib\application.js:227:21)
    at Array.forEach (<anonymous>)
    at Function.use (C:\oasis-backend\node_modules\express\lib\application.js:224:7)
    at Object.<anonymous> (C:\oasis-backend\app.js:31:5)
    at Module._compile (node:internal/modules/cjs/loader:1358:14)
    at Module._extensions..js (node:internal/modules/cjs/loader:1416:10)
    at Module.load (node:internal/modules/cjs/loader:1208:32)
    at Module._load (node:internal/modules/cjs/loader:1024:12)
    at Function.executeUserEntryPoint [as runMain] (node:internal/modules/run_main:174:12)
2025-05-26 15:26:09 [ERROR]: Uncaught Exception: Router.use() requires a middleware function but got a Object
2025-05-26 15:26:09 [ERROR]: TypeError: Router.use() requires a middleware function but got a Object
    at Function.use (C:\oasis-backend\node_modules\express\lib\router\index.js:469:13)
    at Function.<anonymous> (C:\oasis-backend\node_modules\express\lib\application.js:227:21)
    at Array.forEach (<anonymous>)
    at Function.use (C:\oasis-backend\node_modules\express\lib\application.js:224:7)
    at Object.<anonymous> (C:\oasis-backend\app.js:31:5)
    at Module._compile (node:internal/modules/cjs/loader:1358:14)
    at Module._extensions..js (node:internal/modules/cjs/loader:1416:10)
    at Module.load (node:internal/modules/cjs/loader:1208:32)
    at Module._load (node:internal/modules/cjs/loader:1024:12)
    at Function.executeUserEntryPoint [as runMain] (node:internal/modules/run_main:174:12)
2025-05-26 15:26:10 [ERROR]: Uncaught Exception: Router.use() requires a middleware function but got a Object
2025-05-26 15:26:10 [ERROR]: TypeError: Router.use() requires a middleware function but got a Object
    at Function.use (C:\oasis-backend\node_modules\express\lib\router\index.js:469:13)
    at Function.<anonymous> (C:\oasis-backend\node_modules\express\lib\application.js:227:21)
    at Array.forEach (<anonymous>)
    at Function.use (C:\oasis-backend\node_modules\express\lib\application.js:224:7)
    at Object.<anonymous> (C:\oasis-backend\app.js:31:5)
    at Module._compile (node:internal/modules/cjs/loader:1358:14)
    at Module._extensions..js (node:internal/modules/cjs/loader:1416:10)
    at Module.load (node:internal/modules/cjs/loader:1208:32)
    at Module._load (node:internal/modules/cjs/loader:1024:12)
    at Function.executeUserEntryPoint [as runMain] (node:internal/modules/run_main:174:12)
2025-05-26 15:26:46 [ERROR]: Uncaught Exception: Router.use() requires a middleware function but got a Object
2025-05-26 15:26:46 [ERROR]: TypeError: Router.use() requires a middleware function but got a Object
    at Function.use (C:\oasis-backend\node_modules\express\lib\router\index.js:469:13)
    at Function.<anonymous> (C:\oasis-backend\node_modules\express\lib\application.js:227:21)
    at Array.forEach (<anonymous>)
    at Function.use (C:\oasis-backend\node_modules\express\lib\application.js:224:7)
    at Object.<anonymous> (C:\oasis-backend\app.js:31:5)
    at Module._compile (node:internal/modules/cjs/loader:1358:14)
    at Module._extensions..js (node:internal/modules/cjs/loader:1416:10)
    at Module.load (node:internal/modules/cjs/loader:1208:32)
    at Module._load (node:internal/modules/cjs/loader:1024:12)
    at Function.executeUserEntryPoint [as runMain] (node:internal/modules/run_main:174:12)
2025-05-26 15:28:46 [ERROR]: Uncaught Exception: Router.use() requires a middleware function but got a Object
2025-05-26 15:28:46 [ERROR]: TypeError: Router.use() requires a middleware function but got a Object
    at Function.use (C:\oasis-backend\node_modules\express\lib\router\index.js:469:13)
    at Function.<anonymous> (C:\oasis-backend\node_modules\express\lib\application.js:227:21)
    at Array.forEach (<anonymous>)
    at Function.use (C:\oasis-backend\node_modules\express\lib\application.js:224:7)
    at Object.<anonymous> (C:\oasis-backend\app.js:31:5)
    at Module._compile (node:internal/modules/cjs/loader:1358:14)
    at Module._extensions..js (node:internal/modules/cjs/loader:1416:10)
    at Module.load (node:internal/modules/cjs/loader:1208:32)
    at Module._load (node:internal/modules/cjs/loader:1024:12)
    at Function.executeUserEntryPoint [as runMain] (node:internal/modules/run_main:174:12)
2025-05-26 15:28:59 [ERROR]: Startup error: bad auth : Authentication failed.
2025-05-26 15:29:14 [ERROR]: Startup error: bad auth : Authentication failed.
2025-05-26 15:29:44 [ERROR]: Startup error: bad auth : Authentication failed.
